#
# There is insufficient memory for the Java Runtime Environment to continue.
# Native memory allocation (malloc) failed to allocate 1116736 bytes for Chunk::new
# Possible reasons:
#   The system is out of physical RAM or swap space
#   The process is running with CompressedOops enabled, and the Java Heap may be blocking the growth of the native heap
# Possible solutions:
#   Reduce memory load on the system
#   Increase physical memory or swap space
#   Check if swap backing store is full
#   Decrease Java heap size (-Xmx/-Xms)
#   Decrease number of Java threads
#   Decrease Java thread stack sizes (-Xss)
#   Set larger code cache with -XX:ReservedCodeCacheSize=
#   JVM is running with Unscaled Compressed Oops mode in which the Java heap is
#     placed in the first 4GB address space. The Java Heap base address is the
#     maximum limit for the native heap growth. Please use -XX:HeapBaseMinAddress
#     to set the Java Heap base and to place the Java Heap above 4GB virtual address.
# This output file may be truncated or incomplete.
#
#  Out of Memory Error (allocation.cpp:389), pid=17672, tid=0x00000000000037e8
#
# JRE version: Java(TM) SE Runtime Environment (8.0_211-b12) (build 1.8.0_211-b12)
# Java VM: Java HotSpot(TM) 64-Bit Server VM (25.211-b12 mixed mode windows-amd64 compressed oops)
# Failed to write core dump. Minidumps are not enabled by default on client versions of Windows
#

---------------  T H R E A D  ---------------

Current thread (0x00000000091d0000):  JavaThread "C2 CompilerThread0" daemon [_thread_in_native, id=14312, stack(0x00000000099a0000,0x0000000009aa0000)]

Stack: [0x00000000099a0000,0x0000000009aa0000]
[error occurred during error reporting (printing stack bounds), id 0xc0000005]

Native frames: (J=compiled Java code, j=interpreted, Vv=VM code, C=native code)


Current CompileTask:
C2: 938277 29328       4       org.objectweb.asm.ClassReader::accept (1250 bytes)


---------------  P R O C E S S  ---------------

Java Threads: ( => current thread )
  0x000000000fdd9800 JavaThread "RMI TCP Connection(2)-127.0.0.1" daemon [_thread_in_native, id=20088, stack(0x0000000030c00000,0x0000000030d00000)]
  0x000000000fdd5800 JavaThread "RMI TCP Accept-0" daemon [_thread_in_native, id=3204, stack(0x0000000030b00000,0x0000000030c00000)]
  0x000000000fdcd000 JavaThread "RMI TCP Connection(1)-127.0.0.1" daemon [_thread_in_native, id=13456, stack(0x0000000030800000,0x0000000030900000)]
  0x000000000fdd1000 JavaThread "RMI Reaper" [_thread_blocked, id=24180, stack(0x0000000030700000,0x0000000030800000)]
  0x000000000fdcc800 JavaThread "RMI TCP Accept-0" daemon [_thread_in_native, id=17016, stack(0x0000000030600000,0x0000000030700000)]
  0x0000000010844800 JavaThread "GC Daemon" daemon [_thread_blocked, id=22904, stack(0x0000000030500000,0x0000000030600000)]
  0x0000000010842800 JavaThread "RMI Scheduler(0)" daemon [_thread_blocked, id=17088, stack(0x000000002ffa0000,0x00000000300a0000)]
  0x000000000ec08800 JavaThread "ForkJoinPool.commonPool-worker-3" daemon [_thread_blocked, id=1176, stack(0x0000000030100000,0x0000000030200000)]
  0x000000000ec09800 JavaThread "ForkJoinPool.commonPool-worker-2" daemon [_thread_blocked, id=2800, stack(0x000000002fea0000,0x000000002ffa0000)]
  0x000000000ec0f000 JavaThread "ForkJoinPool.commonPool-worker-1" daemon [_thread_blocked, id=27676, stack(0x000000002fda0000,0x000000002fea0000)]
  0x000000000ec0b800 JavaThread "Cache worker for Java compile cache (C:\ReactNative\ColdSchedules\CS\android\.gradle\5.1.1\javaCompile)" [_thread_blocked, id=22184, stack(0x000000002fca0000,0x000000002fda0000)]
  0x000000000ec06800 JavaThread "Cache worker for Java compile cache (C:\Users\hoanggnguyen\.gradle\caches\5.1.1\javaCompile)" [_thread_blocked, id=30560, stack(0x000000002fba0000,0x000000002fca0000)]
  0x000000000ec04000 JavaThread "Cache worker for execution history cache (C:\ReactNative\ColdSchedules\CS\android\.gradle\5.1.1\executionHistory)" [_thread_blocked, id=26504, stack(0x00000000200a0000,0x00000000201a0000)]
  0x000000000ec0a000 JavaThread "Execution worker for ':' Thread 7" [_thread_blocked, id=15564, stack(0x000000001ffa0000,0x00000000200a0000)]
  0x000000000ec05800 JavaThread "Execution worker for ':' Thread 6" [_thread_blocked, id=5960, stack(0x000000001fea0000,0x000000001ffa0000)]
  0x000000000ec07000 JavaThread "Execution worker for ':' Thread 5" [_thread_in_native, id=944, stack(0x000000001fda0000,0x000000001fea0000)]
  0x000000000ec00800 JavaThread "Execution worker for ':' Thread 4" [_thread_blocked, id=15192, stack(0x000000001fca0000,0x000000001fda0000)]
  0x000000000ec05000 JavaThread "Execution worker for ':' Thread 3" [_thread_blocked, id=28412, stack(0x000000001fba0000,0x000000001fca0000)]
  0x000000000ec02000 JavaThread "Execution worker for ':' Thread 2" [_thread_blocked, id=22260, stack(0x000000001faa0000,0x000000001fba0000)]
  0x000000000ebff800 JavaThread "Execution worker for ':'" [_thread_blocked, id=22272, stack(0x000000001f9a0000,0x000000001faa0000)]
  0x000000000ec01000 JavaThread "Cache worker for file content cache (C:\ReactNative\ColdSchedules\CS\android\.gradle\5.1.1\fileContent)" [_thread_blocked, id=4988, stack(0x000000001f6a0000,0x000000001f7a0000)]
  0x000000000f3a5800 JavaThread "Cache worker for Build Output Cleanup Cache (C:\ReactNative\ColdSchedules\CS\android\.gradle\buildOutputCleanup)" [_thread_blocked, id=2024, stack(0x000000001f5a0000,0x000000001f6a0000)]
  0x000000000f3a4800 JavaThread "Build operations Thread 8" [_thread_blocked, id=28928, stack(0x000000001f4a0000,0x000000001f5a0000)]
  0x000000000f3a4000 JavaThread "Build operations Thread 7" [_thread_blocked, id=17796, stack(0x0000000014e40000,0x0000000014f40000)]
  0x000000000f39c800 JavaThread "Build operations Thread 6" [_thread_blocked, id=28564, stack(0x000000001f3a0000,0x000000001f4a0000)]
  0x000000000f39d000 JavaThread "Build operations Thread 5" [_thread_blocked, id=16788, stack(0x000000001b230000,0x000000001b330000)]
  0x000000000f3a3000 JavaThread "Build operations Thread 4" [_thread_blocked, id=21844, stack(0x0000000019b60000,0x0000000019c60000)]
  0x000000000f39e800 JavaThread "Build operations Thread 3" [_thread_blocked, id=18388, stack(0x00000000172f0000,0x00000000173f0000)]
  0x000000000f3a2800 JavaThread "Build operations Thread 2" [_thread_blocked, id=29004, stack(0x0000000015090000,0x0000000015190000)]
  0x000000001084a800 JavaThread "Build operations" [_thread_blocked, id=5200, stack(0x0000000014f90000,0x0000000015090000)]
  0x0000000010849000 JavaThread "Cache worker for cache directory md-rule (C:\Users\hoanggnguyen\.gradle\caches\5.1.1\md-rule)" [_thread_blocked, id=24876, stack(0x0000000014d40000,0x0000000014e40000)]
  0x0000000010848800 JavaThread "Cache worker for cache directory md-supplier (C:\Users\hoanggnguyen\.gradle\caches\5.1.1\md-supplier)" [_thread_blocked, id=16496, stack(0x0000000014c40000,0x0000000014d40000)]
  0x000000001084a000 JavaThread "Cache worker for file hash cache (C:\ReactNative\ColdSchedules\CS\android\.gradle\5.1.1\fileHashes)" [_thread_blocked, id=24124, stack(0x0000000014450000,0x0000000014550000)]
  0x000000001084d000 JavaThread "Thread-92" [_thread_blocked, id=27292, stack(0x0000000014350000,0x0000000014450000)]
  0x000000001084c000 JavaThread "Stdin handler" [_thread_blocked, id=20120, stack(0x0000000013590000,0x0000000013690000)]
  0x0000000010840000 JavaThread "Asynchronous log dispatcher for DefaultDaemonConnection: socket connection from /127.0.0.1:54567 to /127.0.0.1:55141" [_thread_blocked, id=25928, stack(0x0000000011060000,0x0000000011160000)]
  0x000000001083f800 JavaThread "Cancel handler" [_thread_blocked, id=17356, stack(0x000000000d8e0000,0x000000000d9e0000)]
  0x000000000934c800 JavaThread "Handler for socket connection from /127.0.0.1:54567 to /127.0.0.1:55141" [_thread_in_native, id=20980, stack(0x000000000d0e0000,0x000000000d1e0000)]
  0x000000000934b000 JavaThread "pool-2-thread-1" [_thread_blocked, id=17828, stack(0x0000000013ee0000,0x0000000013fe0000)]
  0x000000000f39b800 JavaThread "Daemon worker Thread 2" [_thread_blocked, id=7320, stack(0x000000000cf20000,0x000000000d020000)]
  0x000000000f3a0000 JavaThread "Daemon Thread 2" [_thread_blocked, id=4592, stack(0x000000000c920000,0x000000000ca20000)]
  0x000000000f3aa800 JavaThread "pool-1-thread-1" [_thread_blocked, id=16144, stack(0x00000000015e0000,0x00000000016e0000)]
  0x0000000010844000 JavaThread "Cache worker for file content cache (C:\Users\hoanggnguyen\.gradle\caches\5.1.1\fileContent)" [_thread_blocked, id=32, stack(0x000000000dfe0000,0x000000000e0e0000)]
  0x000000000f3a1000 JavaThread "Memory manager" [_thread_blocked, id=2752, stack(0x0000000018860000,0x0000000018960000)]
  0x000000000f3a1800 JavaThread "Cache worker for execution history cache (C:\Users\hoanggnguyen\.gradle\caches\5.1.1\executionHistory)" [_thread_blocked, id=24944, stack(0x0000000013fe0000,0x00000000140e0000)]
  0x000000000934e000 JavaThread "Cache worker for journal cache (C:\Users\hoanggnguyen\.gradle\caches\journal-1)" [_thread_blocked, id=28332, stack(0x000000000d5e0000,0x000000000d6e0000)]
  0x0000000009348000 JavaThread "File lock request listener" [_thread_in_native, id=30060, stack(0x000000000d4e0000,0x000000000d5e0000)]
  0x000000000934c000 JavaThread "Cache worker for file hash cache (C:\Users\hoanggnguyen\.gradle\caches\5.1.1\fileHashes)" [_thread_blocked, id=8724, stack(0x000000000d3e0000,0x000000000d4e0000)]
  0x000000000954e800 JavaThread "Daemon periodic checks" [_thread_blocked, id=24952, stack(0x000000000c820000,0x000000000c920000)]
  0x000000000bd9b800 JavaThread "Incoming local TCP Connector on port 54567" [_thread_in_native, id=18160, stack(0x000000000c5e0000,0x000000000c6e0000)]
  0x000000000bd27000 JavaThread "Daemon health stats" [_thread_blocked, id=21984, stack(0x000000000ad40000,0x000000000ae40000)]
  0x000000000926d000 JavaThread "Service Thread" daemon [_thread_blocked, id=9988, stack(0x0000000009da0000,0x0000000009ea0000)]
  0x0000000009235800 JavaThread "C1 CompilerThread3" daemon [_thread_blocked, id=30120, stack(0x0000000009ca0000,0x0000000009da0000)]
  0x0000000009217000 JavaThread "C2 CompilerThread2" daemon [_thread_blocked, id=13240, stack(0x0000000009ba0000,0x0000000009ca0000)]
  0x00000000091d5800 JavaThread "C2 CompilerThread1" daemon [_thread_in_native, id=22612, stack(0x0000000009aa0000,0x0000000009ba0000)]
=>0x00000000091d0000 JavaThread "C2 CompilerThread0" daemon [_thread_in_native, id=14312, stack(0x00000000099a0000,0x0000000009aa0000)]
  0x00000000091ce800 JavaThread "Attach Listener" daemon [_thread_blocked, id=30624, stack(0x00000000098a0000,0x00000000099a0000)]
  0x00000000091cd800 JavaThread "Signal Dispatcher" daemon [_thread_blocked, id=3060, stack(0x00000000097a0000,0x00000000098a0000)]
  0x00000000091c1800 JavaThread "Finalizer" daemon [_thread_blocked, id=26372, stack(0x00000000096a0000,0x00000000097a0000)]
  0x00000000091c0800 JavaThread "Reference Handler" daemon [_thread_blocked, id=22900, stack(0x00000000095a0000,0x00000000096a0000)]
  0x0000000003f24800 JavaThread "main" [_thread_blocked, id=24624, stack(0x0000000003d90000,0x0000000003e90000)]

Other Threads:
  0x0000000007268000 VMThread [stack: 0x00000000090a0000,0x00000000091a0000] [id=5364]
  0x000000000924d800 WatcherThread [stack: 0x0000000009ea0000,0x0000000009fa0000] [id=29000]

VM state:not at safepoint (normal execution)

VM Mutex/Monitor currently owned by a thread: None

heap address: 0x00000000e0000000, size: 512 MB, Compressed Oops mode: 32-bit
Narrow klass base: 0x0000000000000000, Narrow klass shift: 3
Compressed class space size: 1073741824 Address: 0x0000000100000000

Heap:
 PSYoungGen      total 143872K, used 18127K [0x00000000f5580000, 0x00000000ffc00000, 0x0000000100000000)
  eden space 116736K, 3% used [0x00000000f5580000,0x00000000f5a098d8,0x00000000fc780000)
  from space 27136K, 49% used [0x00000000fe180000,0x00000000feeaa5d8,0x00000000ffc00000)
  to   space 26624K, 0% used [0x00000000fc780000,0x00000000fc780000,0x00000000fe180000)
 ParOldGen       total 349696K, used 312943K [0x00000000e0000000, 0x00000000f5580000, 0x00000000f5580000)
  object space 349696K, 89% used [0x00000000e0000000,0x00000000f319be78,0x00000000f5580000)
 Metaspace       used 131286K, capacity 142494K, committed 142640K, reserved 1171456K
  class space    used 17045K, capacity 20477K, committed 20528K, reserved 1048576K

Card table byte_map: [0x0000000004cc0000,0x0000000004dd0000] byte_map_base: 0x00000000045c0000

Marking Bits: (ParMarkBitMap*) 0x0000000004875ce0
 Begin Bits: [0x0000000006070000, 0x0000000006870000)
 End Bits:   [0x0000000006870000, 0x0000000007070000)

Polling page: 0x0000000003ed0000

CodeCache: size=245760Kb used=87162Kb max_used=87177Kb free=158597Kb
 bounds [0x0000000020210000, 0x00000000257b0000, 0x000000002f210000]
 total_blobs=24185 nmethods=23256 adapters=839
 compilation: enabled

Compilation events (10 events):
Event: 938.193 Thread 0x00000000091d5800 nmethod 29346 0x00000000257971d0 code [0x00000000257973a0, 0x0000000025797d20]
Event: 938.217 Thread 0x00000000091d5800 29350       4       org.gradle.api.internal.tasks.compile.ApiMemberSelector::visitEnd (294 bytes)
Event: 938.262 Thread 0x0000000009235800 29351       3       org.gradle.api.internal.tasks.compile.ApiMemberSelector$2::visitAnnotation (33 bytes)
Event: 938.264 Thread 0x0000000009235800 nmethod 29351 0x0000000025799690 code [0x0000000025799900, 0x000000002579a878]
Event: 938.264 Thread 0x0000000009235800 29353       3       org.objectweb.asm.FieldWriter::visitAnnotation (73 bytes)
Event: 938.265 Thread 0x0000000009235800 nmethod 29353 0x0000000025790250 code [0x0000000025790420, 0x0000000025790b48]
Event: 938.265 Thread 0x0000000009235800 29352       3       org.objectweb.asm.FieldVisitor::visitAnnotation (19 bytes)
Event: 938.265 Thread 0x0000000009235800 nmethod 29352 0x0000000025796c90 code [0x0000000025796e00, 0x0000000025797068]
Event: 938.268 Thread 0x0000000009217000 nmethod 29336 0x000000002579f890 code [0x000000002579fe20, 0x00000000257a39a0]
Event: 938.270 Thread 0x0000000009217000 29354       4       java.util.TreeSet::addAll (105 bytes)

GC Heap History (10 events):
Event: 920.512 GC heap before
{Heap before GC invocations=87 (full 5):
 PSYoungGen      total 123904K, used 123638K [0x00000000f5580000, 0x00000000ffd00000, 0x0000000100000000)
  eden space 107008K, 100% used [0x00000000f5580000,0x00000000fbe00000,0x00000000fbe00000)
  from space 16896K, 98% used [0x00000000fbe00000,0x00000000fce3da90,0x00000000fce80000)
  to   space 32256K, 0% used [0x00000000fdd80000,0x00000000fdd80000,0x00000000ffd00000)
 ParOldGen       total 349696K, used 295677K [0x00000000e0000000, 0x00000000f5580000, 0x00000000f5580000)
  object space 349696K, 84% used [0x00000000e0000000,0x00000000f20bf7b8,0x00000000f5580000)
 Metaspace       used 128545K, capacity 139540K, committed 139696K, reserved 1169408K
  class space    used 16711K, capacity 20120K, committed 20144K, reserved 1048576K
Event: 920.556 GC heap after
Heap after GC invocations=87 (full 5):
 PSYoungGen      total 140288K, used 17149K [0x00000000f5580000, 0x0000000100000000, 0x0000000100000000)
  eden space 108032K, 0% used [0x00000000f5580000,0x00000000f5580000,0x00000000fbf00000)
  from space 32256K, 53% used [0x00000000fdd80000,0x00000000fee3f6a0,0x00000000ffd00000)
  to   space 31232K, 0% used [0x00000000fbf00000,0x00000000fbf00000,0x00000000fdd80000)
 ParOldGen       total 349696K, used 300794K [0x00000000e0000000, 0x00000000f5580000, 0x00000000f5580000)
  object space 349696K, 86% used [0x00000000e0000000,0x00000000f25be868,0x00000000f5580000)
 Metaspace       used 128545K, capacity 139540K, committed 139696K, reserved 1169408K
  class space    used 16711K, capacity 20120K, committed 20144K, reserved 1048576K
}
Event: 926.333 GC heap before
{Heap before GC invocations=88 (full 5):
 PSYoungGen      total 140288K, used 125181K [0x00000000f5580000, 0x0000000100000000, 0x0000000100000000)
  eden space 108032K, 100% used [0x00000000f5580000,0x00000000fbf00000,0x00000000fbf00000)
  from space 32256K, 53% used [0x00000000fdd80000,0x00000000fee3f6a0,0x00000000ffd00000)
  to   space 31232K, 0% used [0x00000000fbf00000,0x00000000fbf00000,0x00000000fdd80000)
 ParOldGen       total 349696K, used 300794K [0x00000000e0000000, 0x00000000f5580000, 0x00000000f5580000)
  object space 349696K, 86% used [0x00000000e0000000,0x00000000f25be868,0x00000000f5580000)
 Metaspace       used 130195K, capacity 141158K, committed 141488K, reserved 1171456K
  class space    used 16932K, capacity 20311K, committed 20400K, reserved 1048576K
Event: 926.375 GC heap after
Heap after GC invocations=88 (full 5):
 PSYoungGen      total 139264K, used 10647K [0x00000000f5580000, 0x00000000ffd00000, 0x0000000100000000)
  eden space 108032K, 0% used [0x00000000f5580000,0x00000000f5580000,0x00000000fbf00000)
  from space 31232K, 34% used [0x00000000fbf00000,0x00000000fc965e00,0x00000000fdd80000)
  to   space 30208K, 0% used [0x00000000fdf80000,0x00000000fdf80000,0x00000000ffd00000)
 ParOldGen       total 349696K, used 307593K [0x00000000e0000000, 0x00000000f5580000, 0x00000000f5580000)
  object space 349696K, 87% used [0x00000000e0000000,0x00000000f2c62720,0x00000000f5580000)
 Metaspace       used 130195K, capacity 141158K, committed 141488K, reserved 1171456K
  class space    used 16932K, capacity 20311K, committed 20400K, reserved 1048576K
}
Event: 930.108 GC heap before
{Heap before GC invocations=89 (full 5):
 PSYoungGen      total 139264K, used 118679K [0x00000000f5580000, 0x00000000ffd00000, 0x0000000100000000)
  eden space 108032K, 100% used [0x00000000f5580000,0x00000000fbf00000,0x00000000fbf00000)
  from space 31232K, 34% used [0x00000000fbf00000,0x00000000fc965e00,0x00000000fdd80000)
  to   space 30208K, 0% used [0x00000000fdf80000,0x00000000fdf80000,0x00000000ffd00000)
 ParOldGen       total 349696K, used 307593K [0x00000000e0000000, 0x00000000f5580000, 0x00000000f5580000)
  object space 349696K, 87% used [0x00000000e0000000,0x00000000f2c62720,0x00000000f5580000)
 Metaspace       used 130733K, capacity 141684K, committed 142000K, reserved 1171456K
  class space    used 16986K, capacity 20380K, committed 20400K, reserved 1048576K
Event: 930.137 GC heap after
Heap after GC invocations=89 (full 5):
 PSYoungGen      total 142336K, used 10316K [0x00000000f5580000, 0x00000000ffd00000, 0x0000000100000000)
  eden space 112128K, 0% used [0x00000000f5580000,0x00000000f5580000,0x00000000fc300000)
  from space 30208K, 34% used [0x00000000fdf80000,0x00000000fe9932c8,0x00000000ffd00000)
  to   space 29184K, 0% used [0x00000000fc300000,0x00000000fc300000,0x00000000fdf80000)
 ParOldGen       total 349696K, used 310551K [0x00000000e0000000, 0x00000000f5580000, 0x00000000f5580000)
  object space 349696K, 88% used [0x00000000e0000000,0x00000000f2f45d60,0x00000000f5580000)
 Metaspace       used 130733K, capacity 141684K, committed 142000K, reserved 1171456K
  class space    used 16986K, capacity 20380K, committed 20400K, reserved 1048576K
}
Event: 933.818 GC heap before
{Heap before GC invocations=90 (full 5):
 PSYoungGen      total 142336K, used 122444K [0x00000000f5580000, 0x00000000ffd00000, 0x0000000100000000)
  eden space 112128K, 100% used [0x00000000f5580000,0x00000000fc300000,0x00000000fc300000)
  from space 30208K, 34% used [0x00000000fdf80000,0x00000000fe9932c8,0x00000000ffd00000)
  to   space 29184K, 0% used [0x00000000fc300000,0x00000000fc300000,0x00000000fdf80000)
 ParOldGen       total 349696K, used 310551K [0x00000000e0000000, 0x00000000f5580000, 0x00000000f5580000)
  object space 349696K, 88% used [0x00000000e0000000,0x00000000f2f45d60,0x00000000f5580000)
 Metaspace       used 131055K, capacity 142118K, committed 142384K, reserved 1171456K
  class space    used 17010K, capacity 20415K, committed 20528K, reserved 1048576K
Event: 933.850 GC heap after
Heap after GC invocations=90 (full 5):
 PSYoungGen      total 141312K, used 14272K [0x00000000f5580000, 0x00000000ffd00000, 0x0000000100000000)
  eden space 112128K, 0% used [0x00000000f5580000,0x00000000f5580000,0x00000000fc300000)
  from space 29184K, 48% used [0x00000000fc300000,0x00000000fd0f0268,0x00000000fdf80000)
  to   space 28160K, 0% used [0x00000000fe180000,0x00000000fe180000,0x00000000ffd00000)
 ParOldGen       total 349696K, used 311787K [0x00000000e0000000, 0x00000000f5580000, 0x00000000f5580000)
  object space 349696K, 89% used [0x00000000e0000000,0x00000000f307add0,0x00000000f5580000)
 Metaspace       used 131055K, capacity 142118K, committed 142384K, reserved 1171456K
  class space    used 17010K, capacity 20415K, committed 20528K, reserved 1048576K
}
Event: 938.223 GC heap before
{Heap before GC invocations=91 (full 5):
 PSYoungGen      total 141312K, used 126395K [0x00000000f5580000, 0x00000000ffd00000, 0x0000000100000000)
  eden space 112128K, 99% used [0x00000000f5580000,0x00000000fc2fea08,0x00000000fc300000)
  from space 29184K, 48% used [0x00000000fc300000,0x00000000fd0f0268,0x00000000fdf80000)
  to   space 28160K, 0% used [0x00000000fe180000,0x00000000fe180000,0x00000000ffd00000)
 ParOldGen       total 349696K, used 311787K [0x00000000e0000000, 0x00000000f5580000, 0x00000000f5580000)
  object space 349696K, 89% used [0x00000000e0000000,0x00000000f307add0,0x00000000f5580000)
 Metaspace       used 131284K, capacity 142494K, committed 142640K, reserved 1171456K
  class space    used 17045K, capacity 20477K, committed 20528K, reserved 1048576K
Event: 938.261 GC heap after
Heap after GC invocations=91 (full 5):
 PSYoungGen      total 143872K, used 13481K [0x00000000f5580000, 0x00000000ffc00000, 0x0000000100000000)
  eden space 116736K, 0% used [0x00000000f5580000,0x00000000f5580000,0x00000000fc780000)
  from space 27136K, 49% used [0x00000000fe180000,0x00000000feeaa5d8,0x00000000ffc00000)
  to   space 26624K, 0% used [0x00000000fc780000,0x00000000fc780000,0x00000000fe180000)
 ParOldGen       total 349696K, used 312943K [0x00000000e0000000, 0x00000000f5580000, 0x00000000f5580000)
  object space 349696K, 89% used [0x00000000e0000000,0x00000000f319be78,0x00000000f5580000)
 Metaspace       used 131284K, capacity 142494K, committed 142640K, reserved 1171456K
  class space    used 17045K, capacity 20477K, committed 20528K, reserved 1048576K
}

Deoptimization events (10 events):
Event: 933.634 Thread 0x000000000f39b800 Uncommon trap: reason=unstable_if action=reinterpret pc=0x000000002544b54c method=com.sun.tools.javac.code.Symbol$VarSymbol.getConstValue()Ljava/lang/Object; @ 17
Event: 933.703 Thread 0x000000000f39b800 Uncommon trap: reason=speculate_class_check action=maybe_recompile pc=0x000000002505249c method=com.sun.tools.javac.code.Type.hasTag(Lcom/sun/tools/javac/code/TypeTag;)Z @ 2
Event: 933.711 Thread 0x000000000f39b800 Uncommon trap: reason=unstable_if action=reinterpret pc=0x0000000021814948 method=com.sun.tools.javac.code.Types.isSignaturePolymorphic(Lcom/sun/tools/javac/code/Symbol$MethodSymbol;)Z @ 35
Event: 933.733 Thread 0x000000000f39b800 Uncommon trap: reason=speculate_class_check action=maybe_recompile pc=0x000000002094c7e4 method=com.sun.tools.javac.util.ArrayUtils.ensureCapacity([Ljava/lang/Object;I)[Ljava/lang/Object; @ 39
Event: 933.746 Thread 0x000000000f39b800 Uncommon trap: reason=unstable_if action=reinterpret pc=0x000000002524b584 method=com.sun.tools.javac.jvm.Pool.makePoolValue(Ljava/lang/Object;)Ljava/lang/Object; @ 4
Event: 933.753 Thread 0x000000000f39b800 Uncommon trap: reason=speculate_class_check action=maybe_recompile pc=0x000000002094c7e4 method=com.sun.tools.javac.util.ArrayUtils.ensureCapacity([Ljava/lang/Object;I)[Ljava/lang/Object; @ 39
Event: 933.870 Thread 0x000000000f3a2800 Uncommon trap: reason=unstable_if action=reinterpret pc=0x00000000237766c8 method=java.util.concurrent.locks.LockSupport.unpark(Ljava/lang/Thread;)V @ 1
Event: 934.768 Thread 0x000000000f39b800 Uncommon trap: reason=speculate_class_check action=maybe_recompile pc=0x000000002505249c method=com.sun.tools.javac.code.Type.hasTag(Lcom/sun/tools/javac/code/TypeTag;)Z @ 2
Event: 934.779 Thread 0x000000000f39b800 Uncommon trap: reason=unstable_if action=reinterpret pc=0x000000002568217c method=com.sun.tools.javac.comp.Lower.access(Lcom/sun/tools/javac/code/Symbol;Lcom/sun/tools/javac/tree/JCTree$JCExpression;Lcom/sun/tools/javac/tree/JCTree$JCExpression;Z)Lcom/sun
Event: 935.202 Thread 0x000000000f39b800 Uncommon trap: reason=unstable_if action=reinterpret pc=0x00000000251bdd28 method=com.google.gson.stream.JsonReader.nextQuotedValue(C)Ljava/lang/String; @ 96

Classes redefined (0 events):
No events

Internal exceptions (10 events):
Event: 936.940 Thread 0x000000000ec02000 Exception <a 'sun/nio/fs/WindowsException'> (0x00000000f8949f78) thrown at [C:\re\workspace\8-2-build-windows-amd64-cygwin\jdk8u211\12973\hotspot\src\share\vm\prims\jni.cpp, line 710]
Event: 936.942 Thread 0x000000000ec02000 Exception <a 'sun/nio/fs/WindowsException'> (0x00000000f894c190) thrown at [C:\re\workspace\8-2-build-windows-amd64-cygwin\jdk8u211\12973\hotspot\src\share\vm\prims\jni.cpp, line 710]
Event: 937.084 Thread 0x000000000ec02000 Exception <a 'sun/nio/fs/WindowsException'> (0x00000000f8ecafd0) thrown at [C:\re\workspace\8-2-build-windows-amd64-cygwin\jdk8u211\12973\hotspot\src\share\vm\prims\jni.cpp, line 710]
Event: 937.101 Thread 0x000000000ec02000 Exception <a 'sun/nio/fs/WindowsException'> (0x00000000f8ff2498) thrown at [C:\re\workspace\8-2-build-windows-amd64-cygwin\jdk8u211\12973\hotspot\src\share\vm\prims\jni.cpp, line 710]
Event: 937.303 Thread 0x000000000ec07000 Exception <a 'sun/nio/fs/WindowsException'> (0x00000000f9496bb0) thrown at [C:\re\workspace\8-2-build-windows-amd64-cygwin\jdk8u211\12973\hotspot\src\share\vm\prims\jni.cpp, line 710]
Event: 937.848 Thread 0x000000000ec08800 Exception <a 'sun/nio/fs/WindowsException'> (0x00000000f828ea40) thrown at [C:\re\workspace\8-2-build-windows-amd64-cygwin\jdk8u211\12973\hotspot\src\share\vm\prims\jni.cpp, line 710]
Event: 937.848 Thread 0x000000000ec09800 Exception <a 'sun/nio/fs/WindowsException'> (0x00000000f82846d8) thrown at [C:\re\workspace\8-2-build-windows-amd64-cygwin\jdk8u211\12973\hotspot\src\share\vm\prims\jni.cpp, line 710]
Event: 937.850 Thread 0x000000000ec08800 Exception <a 'sun/nio/fs/WindowsException'> (0x00000000f828f060) thrown at [C:\re\workspace\8-2-build-windows-amd64-cygwin\jdk8u211\12973\hotspot\src\share\vm\prims\jni.cpp, line 710]
Event: 937.850 Thread 0x000000000ec09800 Exception <a 'sun/nio/fs/WindowsException'> (0x00000000f8286ce0) thrown at [C:\re\workspace\8-2-build-windows-amd64-cygwin\jdk8u211\12973\hotspot\src\share\vm\prims\jni.cpp, line 710]
Event: 938.045 Thread 0x000000000ec07000 Exception <a 'sun/nio/fs/WindowsException'> (0x00000000fab42a28) thrown at [C:\re\workspace\8-2-build-windows-amd64-cygwin\jdk8u211\12973\hotspot\src\share\vm\prims\jni.cpp, line 710]

Events (10 events):
Event: 935.202 Thread 0x000000000f39b800 DEOPT PACKING pc=0x00000000251bdd28 sp=0x000000000d019b70
Event: 935.202 Thread 0x000000000f39b800 DEOPT UNPACKING pc=0x000000002025583b sp=0x000000000d019b10 mode 2
Event: 936.308 Executing VM operation: RevokeBias
Event: 936.309 Executing VM operation: RevokeBias done
Event: 936.661 Executing VM operation: RevokeBias
Event: 936.662 Executing VM operation: RevokeBias done
Event: 936.665 Executing VM operation: RevokeBias
Event: 936.666 Executing VM operation: RevokeBias done
Event: 938.223 Executing VM operation: ParallelGCFailedAllocation
Event: 938.261 Executing VM operation: ParallelGCFailedAllocation done


Dynamic libraries:
0x00007ff648700000 - 0x00007ff648737000 	C:\Program Files\Java\jdk1.8.0_211\bin\java.exe
0x00007ffc72ce0000 - 0x00007ffc72ed0000 	C:\windows\SYSTEM32\ntdll.dll
0x00007ffc70f50000 - 0x00007ffc71002000 	C:\windows\System32\KERNEL32.DLL
0x00007ffc70070000 - 0x00007ffc70313000 	C:\windows\System32\KERNELBASE.dll
0x00007ffc72490000 - 0x00007ffc72533000 	C:\windows\System32\ADVAPI32.dll
0x00007ffc71e00000 - 0x00007ffc71e9e000 	C:\windows\System32\msvcrt.dll
0x00007ffc71920000 - 0x00007ffc719b7000 	C:\windows\System32\sechost.dll
0x00007ffc72690000 - 0x00007ffc727b0000 	C:\windows\System32\RPCRT4.dll
0x00007ffc71090000 - 0x00007ffc71224000 	C:\windows\System32\USER32.dll
0x00007ffc70040000 - 0x00007ffc70061000 	C:\windows\System32\win32u.dll
0x00007ffc719c0000 - 0x00007ffc719e6000 	C:\windows\System32\GDI32.dll
0x00007ffc6fda0000 - 0x00007ffc6ff34000 	C:\windows\System32\gdi32full.dll
0x00007ffc704c0000 - 0x00007ffc7055e000 	C:\windows\System32\msvcp_win.dll
0x00007ffc6ff40000 - 0x00007ffc7003a000 	C:\windows\System32\ucrtbase.dll
0x00007ffc58cb0000 - 0x00007ffc58f35000 	C:\windows\WinSxS\amd64_microsoft.windows.common-controls_6595b64144ccf1df_6.0.18362.657_none_e6c5b579130e3898\COMCTL32.dll
0x00007ffc72150000 - 0x00007ffc72486000 	C:\windows\System32\combase.dll
0x00007ffc6fc90000 - 0x00007ffc6fd10000 	C:\windows\System32\bcryptPrimitives.dll
0x00007ffc72660000 - 0x00007ffc7268e000 	C:\windows\System32\IMM32.DLL
0x00007ffc5d1d0000 - 0x00007ffc5d25c000 	C:\windows\SYSTEM32\dlphook.x64.dll
0x00007ffc71010000 - 0x00007ffc71018000 	C:\windows\System32\PSAPI.DLL
0x00007ffc71230000 - 0x00007ffc71915000 	C:\windows\System32\SHELL32.dll
0x00007ffc70320000 - 0x00007ffc7036a000 	C:\windows\System32\cfgmgr32.dll
0x00007ffc719f0000 - 0x00007ffc71a99000 	C:\windows\System32\shcore.dll
0x00007ffc65720000 - 0x00007ffc6572a000 	C:\windows\SYSTEM32\VERSION.dll
0x00007ffc70610000 - 0x00007ffc70d8f000 	C:\windows\System32\windows.storage.dll
0x00007ffc6fbc0000 - 0x00007ffc6fbdf000 	C:\windows\System32\profapi.dll
0x00007ffc6fc00000 - 0x00007ffc6fc4a000 	C:\windows\System32\powrprof.dll
0x00007ffc6fbb0000 - 0x00007ffc6fbc0000 	C:\windows\System32\UMPDC.dll
0x00007ffc71ab0000 - 0x00007ffc71b02000 	C:\windows\System32\shlwapi.dll
0x00007ffc6fbe0000 - 0x00007ffc6fbf1000 	C:\windows\System32\kernel.appcore.dll
0x00007ffc6fc70000 - 0x00007ffc6fc87000 	C:\windows\System32\cryptsp.dll
0x00007ffc71ff0000 - 0x00007ffc72146000 	C:\windows\System32\ole32.dll
0x00007ffc70ee0000 - 0x00007ffc70f4f000 	C:\windows\System32\WS2_32.dll
0x00007ffc5fde0000 - 0x00007ffc5ffd4000 	C:\windows\system32\tmumh\20019\AddOn\8.53.0.1016\TmUmEvt64.dll
0x0000000072dd0000 - 0x0000000072f3e000 	C:\windows\system32\tmumh\20019\TmMon\2.8.0.1041\tmmon64.dll
0x0000000003c70000 - 0x0000000003d42000 	C:\Program Files\Java\jdk1.8.0_211\jre\bin\msvcr100.dll
0x0000000004050000 - 0x00000000048f5000 	C:\Program Files\Java\jdk1.8.0_211\jre\bin\server\jvm.dll
0x0000000003c20000 - 0x0000000003c29000 	C:\windows\SYSTEM32\WSOCK32.dll
0x0000000003c30000 - 0x0000000003c54000 	C:\windows\SYSTEM32\WINMM.dll
0x0000000003d60000 - 0x0000000003d8d000 	C:\windows\SYSTEM32\WINMMBASE.dll
0x0000000003e90000 - 0x0000000003e9f000 	C:\Program Files\Java\jdk1.8.0_211\jre\bin\verify.dll
0x0000000003ea0000 - 0x0000000003ec9000 	C:\Program Files\Java\jdk1.8.0_211\jre\bin\java.dll
0x0000000004020000 - 0x0000000004036000 	C:\Program Files\Java\jdk1.8.0_211\jre\bin\zip.dll
0x0000000004f90000 - 0x0000000004faa000 	C:\Program Files\Java\jdk1.8.0_211\jre\bin\net.dll
0x000000000a8b0000 - 0x000000000aa86000 	C:\windows\SYSTEM32\urlmon.dll
0x000000000aa90000 - 0x000000000ad36000 	C:\windows\SYSTEM32\iertutil.dll
0x0000000004fb0000 - 0x0000000004fbc000 	C:\windows\SYSTEM32\CRYPTBASE.DLL
0x0000000004fc0000 - 0x0000000005027000 	C:\windows\system32\mswsock.dll
0x0000000005030000 - 0x0000000005042000 	C:\Program Files\Java\jdk1.8.0_211\jre\bin\nio.dll
0x0000000008060000 - 0x000000000807e000 	C:\Users\hoanggnguyen\.gradle\native\25\windows-amd64\native-platform.dll
0x0000000008fa0000 - 0x0000000008fad000 	C:\Program Files\Java\jdk1.8.0_211\jre\bin\management.dll
0x0000000008fb0000 - 0x0000000008fe3000 	C:\windows\system32\rsaenh.dll
0x0000000008ff0000 - 0x0000000009016000 	C:\windows\System32\bcrypt.dll
0x0000000009020000 - 0x0000000009045000 	C:\windows\SYSTEM32\USERENV.dll
0x0000000009050000 - 0x000000000908a000 	C:\windows\SYSTEM32\IPHLPAPI.DLL
0x0000000009fa0000 - 0x0000000009fa8000 	C:\windows\System32\NSI.dll
0x0000000009fb0000 - 0x0000000009fc6000 	C:\windows\SYSTEM32\dhcpcsvc6.DLL
0x0000000009fd0000 - 0x0000000009fec000 	C:\windows\SYSTEM32\dhcpcsvc.DLL
0x000000000c410000 - 0x000000000c4da000 	C:\windows\SYSTEM32\DNSAPI.dll
0x0000000009ff0000 - 0x000000000a014000 	C:\Program Files\Java\jdk1.8.0_211\jre\bin\sunec.dll
0x000000000a050000 - 0x000000000a076000 	C:\Program Files\Bonjour\mdnsNSP.dll
0x000000000a030000 - 0x000000000a03a000 	C:\Windows\System32\rasadhlp.dll
0x000000000d020000 - 0x000000000d097000 	C:\windows\System32\fwpuclnt.dll
0x000000000a080000 - 0x000000000a08b000 	C:\Program Files\Java\jdk1.8.0_211\jre\bin\sunmscapi.dll
0x0000000014750000 - 0x0000000014899000 	C:\windows\System32\CRYPT32.dll
0x000000000b080000 - 0x000000000b092000 	C:\windows\System32\MSASN1.dll
0x000000000c090000 - 0x000000000c0ae000 	C:\Users\hoanggnguyen\AppData\Local\Temp\native-platform4304076815251918903dir\native-platform.dll
0x0000000011360000 - 0x0000000011391000 	C:\windows\SYSTEM32\ntmarta.dll

VM Arguments:
jvm_args: -XX:MaxMetaspaceSize=256m -XX:+HeapDumpOnOutOfMemoryError -Xmx512m -Dfile.encoding=windows-1252 -Duser.country=US -Duser.language=en -Duser.variant 
java_command: org.gradle.launcher.daemon.bootstrap.GradleDaemon 5.1.1
java_class_path (initial): C:\Users\hoanggnguyen\.gradle\wrapper\dists\gradle-5.1.1-all\97z1ksx6lirer3kbvdnh7jtjg\gradle-5.1.1\lib\gradle-launcher-5.1.1.jar
Launcher Type: SUN_STANDARD

Environment Variables:
JAVA_HOME=C:\Program Files\Java\jdk1.8.0_211
CLASSPATH=C:\ReactNative\ColdSchedules\CS\android\\gradle\wrapper\gradle-wrapper.jar
PATH=C:\Users\HOANGG~1\AppData\Local\Temp\yarn--1586660847735-0.05002357010847458;C:\ReactNative\ColdSchedules\CS\node_modules\.bin;C:\Users\hoanggnguyen\AppData\Local\Yarn\Data\link\node_modules\.bin;C:\Program Files\libexec\lib\node_modules\npm\bin\node-gyp-bin;C:\Program Files\lib\node_modules\npm\bin\node-gyp-bin;C:\Program Files\nodejs\node_modules\npm\bin\node-gyp-bin;C:\Program Files (x86)\Common Files\Oracle\Java\javapath;C:\Windows\system32;C:\Windows;C:\Windows\System32\Wbem;C:\Windows\System32\WindowsPowerShell\v1.0\;C:\Windows\System32\OpenSSH\;C:\Gradle\bin;C:\Program Files\PuTTY\;C:\Program Files\Amazon\AWSCLI\bin\;C:\Program Files\Git\cmd;C:\Program Files\Docker\Docker\resources\bin;C:\ProgramData\DockerDesktop\version-bin;C:\Program Files\Amazon\AWSSAMCLI\bin\;C:\Program Files (x86)\GitExtensions\;C:\ProgramData\chocolatey\bin;C:\Program Files\Java\jdk1.8.0_211\bin;C:\Users\hoanggnguyen\AppData\Roaming\nvm;C:\Program Files\nodejs;C:\Users\hoanggnguyen\AppData\Roaming\Python\Python27\site-packages\;C:\Program Files\dotnet\;C:\Program Files\Microsoft SQL Server\130\Tools\Binn\;C:\Program Files\Microsoft SQL Server\Client SDK\ODBC\170\Tools\Binn\;C:\Program Files (x86)\dotnet\;C:\Program Files (x86)\Microsoft SQL Server\150\DTS\Binn\;C:\Program Files (x86)\Microsoft SQL Server\150\Tools\Binn\;C:\Program Files\Microsoft SQL Server\150\Tools\Binn\;C:\Program Files\Microsoft SQL Server\150\DTS\Binn\;C:\Program Files (x86)\Yarn\bin\;C:\Users\hoanggnguyen\AppData\Local\Android\Sdk\platform-tools;C:\Users\hoanggnguyen\AppData\Local\Programs\Python\Python38-32\Scripts\;C:\Users\hoanggnguyen\AppData\Local\Programs\Python\Python38-32\;C:\Users\hoanggnguyen\AppData\Local\Microsoft\WindowsApps;C:\Users\hoanggnguyen\AppData\Local\Programs\Microsoft VS Code\bin;C:\Users\hoanggnguyen\AppData\Roaming\npm;C:\Users\hoanggnguyen\.dotnet\tools;C:\Users\hoanggnguyen\AppData\Local\Yarn\bin
USERNAME=hoanggnguyen
OS=Windows_NT
PROCESSOR_IDENTIFIER=Intel64 Family 6 Model 142 Stepping 12, GenuineIntel



---------------  S Y S T E M  ---------------

OS: Windows 10.0 , 64 bit Build 18362 (10.0.18362.329)

CPU:total 8 (initial active 8) (4 cores per cpu, 2 threads per core) family 6 model 142 stepping 12, cmov, cx8, fxsr, mmx, sse, sse2, sse3, ssse3, sse4.1, sse4.2, popcnt, avx, avx2, aes, clmul, erms, rtm, 3dnowpref, lzcnt, ht, tsc, tscinvbit, bmi1, bmi2, adx

Memory: 4k page, physical 16587224k(2242516k free), swap 24779224k(512k free)

vm_info: Java HotSpot(TM) 64-Bit Server VM (25.211-b12) for windows-amd64 JRE (1.8.0_211-b12), built on Apr  1 2019 20:53:26 by "java_re" with MS VC++ 10.0 (VS2010)

time: Sun Apr 12 10:10:18 2020
timezone: SE Asia Standard Time
elapsed time: 938 seconds (0d 0h 15m 38s)

